
> @saas-template/utils@0.1.0 build /home/runner/work/Newtemp/Newtemp/packages/utils
> tsc

src/config.ts(4,12): error TS2580: Cannot find name 'process'. Do you need to install type definitions for node? Try `npm i --save-dev @types/node`.
src/config.ts(8,14): error TS2580: Cannot find name 'process'. Do you need to install type definitions for node? Try `npm i --save-dev @types/node`.
src/config.ts(9,13): error TS2580: Cannot find name 'process'. Do you need to install type definitions for node? Try `npm i --save-dev @types/node`.
src/config.ts(14,18): error TS2580: Cannot find name 'process'. Do you need to install type definitions for node? Try `npm i --save-dev @types/node`.
src/config.ts(15,14): error TS2580: Cannot find name 'process'. Do you need to install type definitions for node? Try `npm i --save-dev @types/node`.
src/config.ts(16,13): error TS2580: Cannot find name 'process'. Do you need to install type definitions for node? Try `npm i --save-dev @types/node`.
src/index.ts(7,19): error TS2769: No overload matches this call.
  Overload 1 of 4, '(vd: VarDate): Date', gave the following error.
    Argument of type 'string | Date' is not assignable to parameter of type 'VarDate'.
      Type 'string' is not assignable to type 'VarDate'.
  Overload 2 of 4, '(value: string | number): Date', gave the following error.
    Argument of type 'string | Date' is not assignable to parameter of type 'string | number'.
      Type 'Date' is not assignable to type 'string | number'.
src/index.ts(26,14): error TS2585: 'Promise' only refers to a type, but is being used as a value here. Do you need to change your target library? Try changing the 'lib' compiler option to es2015 or later.
src/index.ts(26,22): error TS7006: Parameter 'resolve' implicitly has an 'any' type.
 ELIFECYCLE  Command failed with exit code 2.
